<?xml version="1.0" encoding="UTF-8"?>
<testng-results total="0" passed="0" failed="0" skipped="0">
  <reporter-output>
  </reporter-output>
  <suite started-at="2020-04-11T18:13:34Z" name="com.curiosity.apis.CuriosityWebsiteTest" finished-at="2020-04-11T18:13:34Z" duration-ms="4">
    <groups>
    </groups>
    <test started-at="2020-04-11T18:13:34Z" name="Command line test" finished-at="2020-04-11T18:13:34Z" duration-ms="4">
    </test> <!-- Command line test -->
  </suite> <!-- com.curiosity.apis.CuriosityWebsiteTest -->
</testng-results>
